2015/03/23 17:53:04 [error] [exception.CException] exception 'CException' with message 'CAssetManager.basePath "/home/ubuntu/workspace/assets" is invalid. Please make sure the directory exists and is writable by the Web server process.' in /home/ubuntu/yii/framework/web/CAssetManager.php:138
Stack trace:
#0 /home/ubuntu/yii/framework/web/CAssetManager.php(123): CAssetManager->setBasePath('/home/ubuntu/wo...')
#1 /home/ubuntu/yii/framework/web/CAssetManager.php(217): CAssetManager->getBasePath()
#2 /home/ubuntu/yii/framework/web/CClientScript.php(511): CAssetManager->publish('/home/ubuntu/yi...')
#3 /home/ubuntu/yii/framework/web/CClientScript.php(548): CClientScript->getCoreScriptUrl()
#4 /home/ubuntu/yii/framework/web/CClientScript.php(349): CClientScript->getPackageBaseUrl('jquery')
#5 /home/ubuntu/yii/framework/web/CClientScript.php(208): CClientScript->renderCoreScripts()
#6 /home/ubuntu/yii/framework/web/CController.php(351): CClientScript->render('<!DOCTYPE html ...')
#7 /home/ubuntu/yii/framework/web/CController.php(788): CController->processOutput('<!DOCTYPE html ...')
#8 /home/ubuntu/workspace/protected/controllers/SiteController.php(98): CController->render('login', Array)
#9 /home/ubuntu/yii/framework/web/actions/CInlineAction.php(49): SiteController->actionLogin()
#10 /home/ubuntu/yii/framework/web/CController.php(308): CInlineAction->runWithParams(Array)
#11 /home/ubuntu/yii/framework/web/CController.php(286): CController->runAction(Object(CInlineAction))
#12 /home/ubuntu/yii/framework/web/CController.php(265): CController->runActionWithFilters(Object(CInlineAction), Array)
#13 /home/ubuntu/yii/framework/web/CWebApplication.php(282): CController->run('login')
#14 /home/ubuntu/yii/framework/web/CWebApplication.php(141): CWebApplication->runController('site/login')
#15 /home/ubuntu/yii/framework/base/CApplication.php(184): CWebApplication->processRequest()
#16 /home/ubuntu/workspace/index.php(14): CApplication->run()
#17 {main}
REQUEST_URI=/index.php?r=site/login
HTTP_REFERER=https://fei-tf-curza2015-lmbsoft.c9.io/?_c9_id=livepreview0&_c9_host=https://ide.c9.io
---
2015/03/23 17:53:45 [error] [exception.CException] exception 'CException' with message 'CAssetManager.basePath "/home/ubuntu/workspace/assets" is invalid. Please make sure the directory exists and is writable by the Web server process.' in /home/ubuntu/yii/framework/web/CAssetManager.php:138
Stack trace:
#0 /home/ubuntu/yii/framework/web/CAssetManager.php(123): CAssetManager->setBasePath('/home/ubuntu/wo...')
#1 /home/ubuntu/yii/framework/web/CAssetManager.php(217): CAssetManager->getBasePath()
#2 /home/ubuntu/yii/framework/web/CClientScript.php(511): CAssetManager->publish('/home/ubuntu/yi...')
#3 /home/ubuntu/yii/framework/web/CClientScript.php(548): CClientScript->getCoreScriptUrl()
#4 /home/ubuntu/yii/framework/web/CClientScript.php(349): CClientScript->getPackageBaseUrl('jquery')
#5 /home/ubuntu/yii/framework/web/CClientScript.php(208): CClientScript->renderCoreScripts()
#6 /home/ubuntu/yii/framework/web/CController.php(351): CClientScript->render('<!DOCTYPE html ...')
#7 /home/ubuntu/yii/framework/web/CController.php(788): CController->processOutput('<!DOCTYPE html ...')
#8 /home/ubuntu/workspace/protected/controllers/SiteController.php(98): CController->render('login', Array)
#9 /home/ubuntu/yii/framework/web/actions/CInlineAction.php(49): SiteController->actionLogin()
#10 /home/ubuntu/yii/framework/web/CController.php(308): CInlineAction->runWithParams(Array)
#11 /home/ubuntu/yii/framework/web/CController.php(286): CController->runAction(Object(CInlineAction))
#12 /home/ubuntu/yii/framework/web/CController.php(265): CController->runActionWithFilters(Object(CInlineAction), Array)
#13 /home/ubuntu/yii/framework/web/CWebApplication.php(282): CController->run('login')
#14 /home/ubuntu/yii/framework/web/CWebApplication.php(141): CWebApplication->runController('site/login')
#15 /home/ubuntu/yii/framework/base/CApplication.php(184): CWebApplication->processRequest()
#16 /home/ubuntu/workspace/index.php(14): CApplication->run()
#17 {main}
REQUEST_URI=/index.php?r=site/login
HTTP_REFERER=https://fei-tf-curza2015-lmbsoft.c9.io/?_c9_id=livepreview0&_c9_host=https://ide.c9.io
---
